::1 - - [15/Apr/2021:16:29:29 +0530] "GET /projects/codility-website/css/bootstrap.css.map HTTP/1.1" 200 501817
::1 - - [15/Apr/2021:16:32:20 +0530] "GET /projects/codility-website/product-tour.php HTTP/1.1" 200 4564
::1 - - [15/Apr/2021:16:32:21 +0530] "GET /favicon.ico HTTP/1.1" 200 202575
::1 - - [15/Apr/2021:16:38:02 +0530] "GET /projects/codility-website/js/bootstrap.js.map HTTP/1.1" 200 275227
::1 - - [15/Apr/2021:16:38:02 +0530] "GET /projects/codility-website/css/bootstrap.css.map HTTP/1.1" 200 501817
::1 - - [15/Apr/2021:16:38:50 +0530] "GET /projects/codility-website/css/bootstrap.css.map HTTP/1.1" 200 501817
::1 - - [15/Apr/2021:16:38:50 +0530] "GET /projects/codility-website/js/bootstrap.js.map HTTP/1.1" 200 275227
::1 - - [15/Apr/2021:16:50:18 +0530] "GET /projects/codility-website/product-tour.php HTTP/1.1" 200 4622
::1 - - [15/Apr/2021:16:50:18 +0530] "GET /projects/codility-website/style.css HTTP/1.1" 304 -
::1 - - [15/Apr/2021:16:50:18 +0530] "GET /favicon.ico HTTP/1.1" 200 202575
::1 - - [15/Apr/2021:16:50:56 +0530] "GET /projects/codility-website/product-tour.php HTTP/1.1" 200 4621
::1 - - [15/Apr/2021:16:50:56 +0530] "GET /favicon.ico HTTP/1.1" 200 202575
::1 - - [15/Apr/2021:16:52:41 +0530] "GET /projects/codility-website/product-tour.php HTTP/1.1" 200 4621
::1 - - [15/Apr/2021:16:52:42 +0530] "GET /favicon.ico HTTP/1.1" 200 202575
::1 - - [15/Apr/2021:17:01:09 +0530] "GET /projects/codility-website/product-tour.php HTTP/1.1" 200 4622
::1 - - [15/Apr/2021:17:01:10 +0530] "GET /favicon.ico HTTP/1.1" 200 202575
::1 - - [15/Apr/2021:17:01:57 +0530] "GET /projects/codility-website/product-tour.php HTTP/1.1" 200 4640
::1 - - [15/Apr/2021:17:01:58 +0530] "GET /favicon.ico HTTP/1.1" 200 202575
::1 - - [15/Apr/2021:17:07:46 +0530] "GET /projects/codility-website/product-tour.php HTTP/1.1" 200 4695
::1 - - [15/Apr/2021:17:07:47 +0530] "GET /favicon.ico HTTP/1.1" 200 202575
::1 - - [15/Apr/2021:17:10:16 +0530] "GET /projects/codility-website/product-tour.php HTTP/1.1" 200 4746
::1 - - [15/Apr/2021:17:10:17 +0530] "GET /favicon.ico HTTP/1.1" 200 202575
::1 - - [15/Apr/2021:17:43:22 +0530] "GET /projects/codility-website/style.css HTTP/1.1" 304 -
::1 - - [15/Apr/2021:17:46:56 +0530] "GET /projects/codility-website/product-tour.php HTTP/1.1" 200 5510
::1 - - [15/Apr/2021:17:46:57 +0530] "GET /favicon.ico HTTP/1.1" 200 202575
::1 - - [15/Apr/2021:17:52:59 +0530] "GET /projects/codility-website/product-tour.php HTTP/1.1" 200 5755
::1 - - [15/Apr/2021:17:52:59 +0530] "GET /favicon.ico HTTP/1.1" 200 202575
::1 - - [15/Apr/2021:19:26:39 +0530] "GET /projects/codility-website/style.css HTTP/1.1" 304 -
::1 - - [15/Apr/2021:19:28:18 +0530] "GET /projects/codility-website/get-started.php HTTP/1.1" 200 11872
::1 - - [15/Apr/2021:19:28:27 +0530] "POST /projects/codility-website/get-started.php HTTP/1.1" 200 11872
::1 - - [15/Apr/2021:19:28:29 +0530] "POST /projects/codility-website/get-started.php HTTP/1.1" 200 11872
::1 - - [15/Apr/2021:19:30:11 +0530] "POST /projects/codility-website/get-started.php HTTP/1.1" 200 11885
::1 - - [15/Apr/2021:19:30:12 +0530] "POST /projects/codility-website/get-started.php HTTP/1.1" 200 31
::1 - - [15/Apr/2021:19:30:21 +0530] "POST /projects/codility-website/get-started.php HTTP/1.1" 200 57
::1 - - [15/Apr/2021:19:31:00 +0530] "GET /projects/codility-website/get-started.php HTTP/1.1" 200 11885
::1 - - [15/Apr/2021:19:31:10 +0530] "GET /projects/codility-website/help-centre.php HTTP/1.1" 200 9287
::1 - - [15/Apr/2021:19:31:26 +0530] "GET /projects/codility-website/read-customer-stories.php HTTP/1.1" 200 19258
::1 - - [15/Apr/2021:19:42:29 +0530] "GET /projects/codility-website/? HTTP/1.1" 200 16878
::1 - - [15/Apr/2021:19:42:40 +0530] "GET /projects/codility-website/get-started.php HTTP/1.1" 200 11885
::1 - - [15/Apr/2021:19:44:23 +0530] "GET /projects/codility-website/? HTTP/1.1" 200 16889
::1 - - [15/Apr/2021:19:44:32 +0530] "GET /projects/codility-website/?email=puneetajindal635%40gmail.com HTTP/1.1" 200 57
::1 - - [15/Apr/2021:20:23:35 +0530] "GET /projects/codility-website/style.css HTTP/1.1" 304 -
::1 - - [15/Apr/2021:20:23:38 +0530] "GET /projects/codility-website/product-tour.php HTTP/1.1" 200 8038
::1 - - [15/Apr/2021:20:23:38 +0530] "GET /favicon.ico HTTP/1.1" 200 202575
::1 - - [15/Apr/2021:20:31:52 +0530] "GET /projects/codility-website/product-tour.php HTTP/1.1" 200 8212
::1 - - [15/Apr/2021:20:31:52 +0530] "GET /favicon.ico HTTP/1.1" 200 202575
::1 - - [15/Apr/2021:21:28:07 +0530] "GET /projects/codility-website/style.css HTTP/1.1" 304 -
::1 - - [15/Apr/2021:21:51:22 +0530] "GET /projects/codility-website/product-tour.php HTTP/1.1" 404 281
::1 - - [15/Apr/2021:21:51:23 +0530] "GET /favicon.ico HTTP/1.1" 200 202575
::1 - - [16/Apr/2021:08:28:07 +0530] "GET /projects/codility-website/style.css HTTP/1.1" 304 -
::1 - - [17/Apr/2021:13:54:34 +0530] "GET /projects/codility-website/login.php? HTTP/1.1" 200 3805
::1 - - [17/Apr/2021:13:54:34 +0530] "GET /projects/codility-website/css/bootstrap.css HTTP/1.1" 200 193312
::1 - - [17/Apr/2021:13:54:35 +0530] "GET /favicon.ico HTTP/1.1" 200 202575
::1 - - [17/Apr/2021:13:55:47 +0530] "GET /projects/codility-website/ HTTP/1.1" 200 16905
::1 - - [17/Apr/2021:13:55:47 +0530] "GET /projects/codility-website/fontawesome-free-5.15.2-web/css/brands.css HTTP/1.1" 200 732
::1 - - [17/Apr/2021:13:55:47 +0530] "GET /projects/codility-website/fontawesome-free-5.15.2-web/css/fontawesome.css HTTP/1.1" 200 71990
::1 - - [17/Apr/2021:13:55:47 +0530] "GET /projects/codility-website/slick-1.8.1/slick/slick.css HTTP/1.1" 200 1776
::1 - - [17/Apr/2021:13:55:47 +0530] "GET /projects/codility-website/fontawesome-free-5.15.2-web/css/solid.css HTTP/1.1" 200 727
::1 - - [17/Apr/2021:13:55:47 +0530] "GET /projects/codility-website/slick-1.8.1/slick/slick-theme.css HTTP/1.1" 200 3145
::1 - - [17/Apr/2021:13:55:47 +0530] "GET /projects/codility-website/style.css HTTP/1.1" 200 3344
::1 - - [17/Apr/2021:13:55:48 +0530] "GET /projects/codility-website/img/engineer1.jpeg HTTP/1.1" 200 4942
::1 - - [17/Apr/2021:13:55:48 +0530] "GET /projects/codility-website/img/engineer.jpeg HTTP/1.1" 200 759558
::1 - - [17/Apr/2021:13:55:48 +0530] "GET /projects/codility-website/img/customer%20care.png HTTP/1.1" 200 30068
::1 - - [17/Apr/2021:13:55:48 +0530] "GET /projects/codility-website/slick-1.8.1/slick/slick.min.js HTTP/1.1" 200 42863
::1 - - [17/Apr/2021:13:55:48 +0530] "GET /projects/codility-website/slick-1.8.1/jquery-3.6.0.min.js HTTP/1.1" 200 89501
::1 - - [17/Apr/2021:13:55:48 +0530] "GET /projects/codility-website/fontawesome-free-5.15.2-web/webfonts/fa-solid-900.woff2 HTTP/1.1" 200 80252
::1 - - [17/Apr/2021:13:55:48 +0530] "GET /projects/codility-website/fontawesome-free-5.15.2-web/webfonts/fa-brands-400.woff2 HTTP/1.1" 200 78472
::1 - - [17/Apr/2021:13:55:48 +0530] "GET /projects/codility-website/slick-1.8.1/slick/ajax-loader.gif HTTP/1.1" 200 4178
::1 - - [17/Apr/2021:13:55:48 +0530] "GET /projects/codility-website/slick-1.8.1/slick/fonts/slick.woff HTTP/1.1" 200 1380
::1 - - [17/Apr/2021:13:56:06 +0530] "GET /projects/codility-website/get-started.php HTTP/1.1" 200 16801
::1 - - [17/Apr/2021:13:56:06 +0530] "GET /projects/codility-website/%3Cbr%20/%3E%3Cfont%20size='1'%3E%3Ctable%20class='xdebug-error%20xe-notice'%20dir='ltr'%20border='1'%20cellspacing='0'%20cellpadding='1'%3E%3Ctr%3E%3Cth%20align='left'%20bgcolor=' HTTP/1.1" 403 284
::1 - - [17/Apr/2021:13:56:07 +0530] "GET /projects/codility-website/%3Cbr%20/%3E%3Cfont%20size='1'%3E%3Ctable%20class='xdebug-error%20xe-notice'%20dir='ltr'%20border='1'%20cellspacing='0'%20cellpadding='1'%3E%3Ctr%3E%3Cth%20align='left'%20bgcolor=' HTTP/1.1" 403 284
::1 - - [17/Apr/2021:13:56:07 +0530] "GET /projects/codility-website/%3Cbr%20/%3E%3Cfont%20size='1'%3E%3Ctable%20class='xdebug-error%20xe-notice'%20dir='ltr'%20border='1'%20cellspacing='0'%20cellpadding='1'%3E%3Ctr%3E%3Cth%20align='left'%20bgcolor=' HTTP/1.1" 403 284
::1 - - [17/Apr/2021:13:56:20 +0530] "GET /projects/codility-website/get-started.php HTTP/1.1" 200 16801
::1 - - [17/Apr/2021:13:56:20 +0530] "GET /projects/codility-website/%3Cbr%20/%3E%3Cfont%20size='1'%3E%3Ctable%20class='xdebug-error%20xe-notice'%20dir='ltr'%20border='1'%20cellspacing='0'%20cellpadding='1'%3E%3Ctr%3E%3Cth%20align='left'%20bgcolor=' HTTP/1.1" 403 284
::1 - - [17/Apr/2021:13:56:20 +0530] "GET /projects/codility-website/%3Cbr%20/%3E%3Cfont%20size='1'%3E%3Ctable%20class='xdebug-error%20xe-notice'%20dir='ltr'%20border='1'%20cellspacing='0'%20cellpadding='1'%3E%3Ctr%3E%3Cth%20align='left'%20bgcolor=' HTTP/1.1" 403 284
::1 - - [17/Apr/2021:13:57:29 +0530] "GET /projects/codility-website/get-started.php HTTP/1.1" 200 11885
::1 - - [17/Apr/2021:13:57:29 +0530] "GET /projects/codility-website/js/bootstrap.js HTTP/1.1" 200 151199
::1 - - [17/Apr/2021:13:57:30 +0530] "GET /favicon.ico HTTP/1.1" 200 202575
::1 - - [17/Apr/2021:14:00:55 +0530] "GET /projects/codility-website/read-customer-stories.php HTTP/1.1" 200 19256
::1 - - [17/Apr/2021:14:02:10 +0530] "GET /projects/codility-website/help-centre.php HTTP/1.1" 200 9287
::1 - - [17/Apr/2021:14:08:25 +0530] "GET /projects/codility-website/product-tour.php HTTP/1.1" 200 26084
::1 - - [17/Apr/2021:14:15:44 +0530] "GET /projects/codility-website/js/bootstrap.js.map HTTP/1.1" 200 275227
::1 - - [17/Apr/2021:14:15:44 +0530] "GET /projects/codility-website/css/bootstrap.css.map HTTP/1.1" 200 501817
::1 - - [18/Apr/2021:16:03:45 +0530] "GET /projects/codility-website/ HTTP/1.1" 200 16905
::1 - - [18/Apr/2021:16:03:45 +0530] "GET /projects/codility-website/style.css HTTP/1.1" 304 -
::1 - - [18/Apr/2021:16:03:46 +0530] "GET /favicon.ico HTTP/1.1" 200 202575
::1 - - [18/Apr/2021:16:04:48 +0530] "GET /projects/codility-website/read-customer-stories.php HTTP/1.1" 200 19256
::1 - - [18/Apr/2021:16:05:34 +0530] "GET /projects/codility-website/js/bootstrap.js.map HTTP/1.1" 200 275227
::1 - - [18/Apr/2021:16:05:34 +0530] "GET /projects/codility-website/css/bootstrap.css.map HTTP/1.1" 200 501817
::1 - - [18/Apr/2021:16:07:17 +0530] "GET /projects/codility-website/get-started.php HTTP/1.1" 200 11885
::1 - - [18/Apr/2021:16:07:25 +0530] "POST /projects/codility-website/get-started.php HTTP/1.1" 200 57
::1 - - [18/Apr/2021:16:07:28 +0530] "GET /projects/codility-website/get-started.php HTTP/1.1" 200 11885
::1 - - [18/Apr/2021:16:08:04 +0530] "GET /projects/codility-website/get-started.php HTTP/1.1" 200 11885
::1 - - [18/Apr/2021:16:08:11 +0530] "GET /projects/codility-website/login.php HTTP/1.1" 200 3805
::1 - - [18/Apr/2021:16:08:16 +0530] "POST /projects/codility-website/login.php HTTP/1.1" 200 74
::1 - - [18/Apr/2021:16:08:19 +0530] "GET /projects/codility-website/login.php HTTP/1.1" 200 3805
::1 - - [18/Apr/2021:16:08:29 +0530] "GET /projects/codility-website/help-centre.php HTTP/1.1" 200 9287
::1 - - [18/Apr/2021:16:08:46 +0530] "GET /projects/codility-website/product-tour.php HTTP/1.1" 200 26084
::1 - - [01/May/2021:11:41:52 +0530] "GET /projects/codility-website/ HTTP/1.1" 200 16905
::1 - - [01/May/2021:11:41:53 +0530] "GET /projects/codility-website/fontawesome-free-5.15.2-web/css/fontawesome.css HTTP/1.1" 304 -
::1 - - [01/May/2021:11:41:53 +0530] "GET /projects/codility-website/style.css HTTP/1.1" 304 -
::1 - - [01/May/2021:11:41:53 +0530] "GET /projects/codility-website/css/bootstrap.css HTTP/1.1" 304 -
::1 - - [01/May/2021:11:41:53 +0530] "GET /projects/codility-website/fontawesome-free-5.15.2-web/css/brands.css HTTP/1.1" 304 -
::1 - - [01/May/2021:11:41:53 +0530] "GET /projects/codility-website/fontawesome-free-5.15.2-web/css/solid.css HTTP/1.1" 304 -
::1 - - [01/May/2021:11:41:53 +0530] "GET /projects/codility-website/img/engineer.jpeg HTTP/1.1" 304 -
::1 - - [01/May/2021:11:41:53 +0530] "GET /projects/codility-website/img/customer%20care.png HTTP/1.1" 304 -
::1 - - [01/May/2021:11:41:53 +0530] "GET /projects/codility-website/img/engineer1.jpeg HTTP/1.1" 304 -
::1 - - [01/May/2021:11:41:53 +0530] "GET /projects/codility-website/slick-1.8.1/jquery-3.6.0.min.js HTTP/1.1" 304 -
::1 - - [01/May/2021:11:41:53 +0530] "GET /projects/codility-website/fontawesome-free-5.15.2-web/webfonts/fa-solid-900.woff2 HTTP/1.1" 304 -
::1 - - [01/May/2021:11:41:53 +0530] "GET /projects/codility-website/fontawesome-free-5.15.2-web/webfonts/fa-brands-400.woff2 HTTP/1.1" 304 -
::1 - - [01/May/2021:11:41:58 +0530] "GET /projects/codility-website/get-started.php HTTP/1.1" 200 11885
::1 - - [01/May/2021:11:41:58 +0530] "GET /projects/codility-website/js/bootstrap.js HTTP/1.1" 304 -
::1 - - [01/May/2021:11:42:11 +0530] "GET /projects/codility-website/product-tour.php HTTP/1.1" 200 26084
::1 - - [01/May/2021:11:43:37 +0530] "GET /projects/codility-website/login.php HTTP/1.1" 200 3805
::1 - - [01/May/2021:11:44:02 +0530] "GET /projects/codility-website/read-customer-stories.php HTTP/1.1" 200 19256
::1 - - [01/May/2021:11:44:39 +0530] "GET /projects/codility-website/get-started.php HTTP/1.1" 200 11885
::1 - - [01/May/2021:11:44:50 +0530] "GET /projects/codility-website/help-centre.php HTTP/1.1" 200 9287
::1 - - [01/May/2021:12:14:11 +0530] "GET /projects/codility-website/ HTTP/1.1" 200 16905
::1 - - [01/May/2021:12:14:46 +0530] "GET /projects/codility-website/login.php HTTP/1.1" 200 3805
::1 - - [01/May/2021:12:14:55 +0530] "GET /projects/codility-website/help-centre.php HTTP/1.1" 200 9287
::1 - - [01/May/2021:12:15:09 +0530] "GET /projects/codility-website/product-tour.php HTTP/1.1" 200 26084
::1 - - [01/May/2021:12:15:27 +0530] "GET /projects/codility-website/get-started.php HTTP/1.1" 200 11885
::1 - - [01/May/2021:12:15:44 +0530] "GET /projects/codility-website/read-customer-stories.php HTTP/1.1" 200 19256
::1 - - [01/May/2021:12:16:02 +0530] "GET /projects/codility-website/get-started.php HTTP/1.1" 200 11885
::1 - - [28/May/2021:16:52:28 +0530] "GET /projects/codility-website/ HTTP/1.1" 200 16905
::1 - - [28/May/2021:16:52:28 +0530] "GET /projects/codility-website/fontawesome-free-5.15.2-web/css/fontawesome.css HTTP/1.1" 200 71990
::1 - - [28/May/2021:16:52:28 +0530] "GET /projects/codility-website/css/bootstrap.css HTTP/1.1" 200 193312
::1 - - [28/May/2021:16:52:28 +0530] "GET /projects/codility-website/fontawesome-free-5.15.2-web/css/brands.css HTTP/1.1" 200 732
::1 - - [28/May/2021:16:52:28 +0530] "GET /projects/codility-website/style.css HTTP/1.1" 200 3344
::1 - - [28/May/2021:16:52:28 +0530] "GET /projects/codility-website/slick-1.8.1/slick/slick.css HTTP/1.1" 200 1776
::1 - - [28/May/2021:16:52:28 +0530] "GET /projects/codility-website/slick-1.8.1/slick/slick-theme.css HTTP/1.1" 200 3145
::1 - - [28/May/2021:16:52:28 +0530] "GET /projects/codility-website/fontawesome-free-5.15.2-web/css/solid.css HTTP/1.1" 200 727
::1 - - [28/May/2021:16:52:28 +0530] "GET /projects/codility-website/img/engineer1.jpeg HTTP/1.1" 200 4942
::1 - - [28/May/2021:16:52:28 +0530] "GET /projects/codility-website/img/customer%20care.png HTTP/1.1" 200 30068
::1 - - [28/May/2021:16:52:28 +0530] "GET /projects/codility-website/img/engineer.jpeg HTTP/1.1" 200 759558
::1 - - [28/May/2021:16:52:28 +0530] "GET /projects/codility-website/slick-1.8.1/slick/slick.min.js HTTP/1.1" 200 42863
::1 - - [28/May/2021:16:52:28 +0530] "GET /projects/codility-website/slick-1.8.1/jquery-3.6.0.min.js HTTP/1.1" 200 89501
::1 - - [28/May/2021:16:52:29 +0530] "GET /projects/codility-website/fontawesome-free-5.15.2-web/webfonts/fa-solid-900.woff2 HTTP/1.1" 200 80252
::1 - - [28/May/2021:16:52:29 +0530] "GET /projects/codility-website/fontawesome-free-5.15.2-web/webfonts/fa-brands-400.woff2 HTTP/1.1" 200 78472
::1 - - [28/May/2021:16:52:30 +0530] "GET /projects/codility-website/slick-1.8.1/slick/ajax-loader.gif HTTP/1.1" 200 4178
::1 - - [28/May/2021:16:52:30 +0530] "GET /projects/codility-website/slick-1.8.1/slick/fonts/slick.woff HTTP/1.1" 200 1380
::1 - - [28/May/2021:16:52:31 +0530] "GET /favicon.ico HTTP/1.1" 200 202575
::1 - - [28/May/2021:16:53:23 +0530] "GET /projects/codility-website/?email=konikajindal1783%40gmail.com HTTP/1.1" 200 57
::1 - - [28/May/2021:16:53:34 +0530] "GET /projects/codility-website/login.php HTTP/1.1" 200 3805
::1 - - [28/May/2021:16:53:48 +0530] "GET /projects/codility-website/help-centre.php HTTP/1.1" 200 9287
::1 - - [28/May/2021:16:53:48 +0530] "GET /projects/codility-website/js/bootstrap.js HTTP/1.1" 200 151199
::1 - - [28/May/2021:16:54:08 +0530] "GET /projects/codility-website/product-tour.php HTTP/1.1" 200 26084
::1 - - [28/May/2021:16:54:39 +0530] "GET /projects/codility-website/get-started.php HTTP/1.1" 200 11885
::1 - - [28/May/2021:16:55:07 +0530] "GET /projects/codility-website/get-started.php HTTP/1.1" 200 11885
::1 - - [28/May/2021:16:55:11 +0530] "GET /projects/codility-website/read-customer-stories.php HTTP/1.1" 200 19256
::1 - - [28/May/2021:16:55:40 +0530] "GET /projects/codility-website/product-tour.php HTTP/1.1" 200 26084
::1 - - [28/May/2021:16:55:58 +0530] "GET /projects/codility-website/help-centre.php HTTP/1.1" 200 9287
::1 - - [28/May/2021:19:39:56 +0530] "GET /projects/codility-website/fontawesome-free-5.15.2-web/webfonts/fa-brands-400.woff2 HTTP/1.1" 200 78472
::1 - - [28/May/2021:19:39:56 +0530] "GET /projects/codility-website/fontawesome-free-5.15.2-web/webfonts/fa-solid-900.woff2 HTTP/1.1" 200 80252
::1 - - [31/May/2021:17:46:37 +0530] "GET /projects/codility-website/ HTTP/1.1" 200 16905
::1 - - [31/May/2021:17:47:07 +0530] "GET /projects/codility-website/login.php HTTP/1.1" 200 3805
::1 - - [31/May/2021:17:47:23 +0530] "GET /projects/codility-website/help-centre.php HTTP/1.1" 200 9287
::1 - - [31/May/2021:17:47:43 +0530] "GET /projects/codility-website/product-tour.php HTTP/1.1" 200 26084
::1 - - [31/May/2021:17:48:55 +0530] "GET /projects/codility-website/read-customer-stories.php HTTP/1.1" 200 19256
::1 - - [31/May/2021:17:49:58 +0530] "GET /projects/codility-website/get-started.php HTTP/1.1" 200 11885
::1 - - [21/Jun/2021:22:36:40 +0530] "GET /projects/codility-website/ HTTP/1.1" 200 16905
::1 - - [21/Jun/2021:22:36:41 +0530] "GET /projects/codility-website/css/bootstrap.css HTTP/1.1" 200 193312
::1 - - [21/Jun/2021:22:36:41 +0530] "GET /projects/codility-website/fontawesome-free-5.15.2-web/css/fontawesome.css HTTP/1.1" 200 71990
::1 - - [21/Jun/2021:22:36:41 +0530] "GET /projects/codility-website/slick-1.8.1/slick/slick.css HTTP/1.1" 200 1776
::1 - - [21/Jun/2021:22:36:41 +0530] "GET /projects/codility-website/slick-1.8.1/slick/slick-theme.css HTTP/1.1" 200 3145
::1 - - [21/Jun/2021:22:36:41 +0530] "GET /projects/codility-website/style.css HTTP/1.1" 200 3344
::1 - - [21/Jun/2021:22:36:41 +0530] "GET /projects/codility-website/fontawesome-free-5.15.2-web/css/brands.css HTTP/1.1" 200 732
::1 - - [21/Jun/2021:22:36:41 +0530] "GET /projects/codility-website/fontawesome-free-5.15.2-web/css/solid.css HTTP/1.1" 200 727
::1 - - [21/Jun/2021:22:36:41 +0530] "GET /projects/codility-website/img/customer%20care.png HTTP/1.1" 200 30068
::1 - - [21/Jun/2021:22:36:41 +0530] "GET /projects/codility-website/img/engineer1.jpeg HTTP/1.1" 200 4942
::1 - - [21/Jun/2021:22:36:41 +0530] "GET /projects/codility-website/img/engineer.jpeg HTTP/1.1" 200 759558
::1 - - [21/Jun/2021:22:36:41 +0530] "GET /projects/codility-website/slick-1.8.1/slick/slick.min.js HTTP/1.1" 200 42863
::1 - - [21/Jun/2021:22:36:41 +0530] "GET /projects/codility-website/slick-1.8.1/jquery-3.6.0.min.js HTTP/1.1" 200 89501
::1 - - [21/Jun/2021:22:36:41 +0530] "GET /projects/codility-website/fontawesome-free-5.15.2-web/webfonts/fa-solid-900.woff2 HTTP/1.1" 200 80252
::1 - - [21/Jun/2021:22:36:41 +0530] "GET /projects/codility-website/fontawesome-free-5.15.2-web/webfonts/fa-brands-400.woff2 HTTP/1.1" 200 78472
::1 - - [21/Jun/2021:22:36:41 +0530] "GET /projects/codility-website/slick-1.8.1/slick/ajax-loader.gif HTTP/1.1" 200 4178
::1 - - [21/Jun/2021:22:36:41 +0530] "GET /projects/codility-website/slick-1.8.1/slick/fonts/slick.woff HTTP/1.1" 200 1380
::1 - - [21/Jun/2021:22:36:41 +0530] "GET /favicon.ico HTTP/1.1" 200 202575
::1 - - [21/Jun/2021:22:37:03 +0530] "GET /projects/codility-website/product-tour.php HTTP/1.1" 200 26084
::1 - - [21/Jun/2021:22:37:03 +0530] "GET /projects/codility-website/js/bootstrap.js HTTP/1.1" 200 151199
::1 - - [21/Jun/2021:22:37:10 +0530] "GET /projects/codility-website/help-centre.php HTTP/1.1" 200 9287
