- Wampserver trace report -
File created by Wampserver install
InnoDB: using atomic writes.
2021-04-12 14:37:29 0 [Note] InnoDB: Mutexes and rw_locks use Windows interlocked functions
2021-04-12 14:37:29 0 [Note] InnoDB: Uses event mutexes
2021-04-12 14:37:29 0 [Note] InnoDB: Compressed tables use zlib 1.2.11
2021-04-12 14:37:29 0 [Note] InnoDB: Number of pools: 1
2021-04-12 14:37:29 0 [Note] InnoDB: Using SSE2 crc32 instructions
2021-04-12 14:37:29 0 [Note] InnoDB: Initializing buffer pool, total size = 256M, instances = 1, chunk size = 128M
2021-04-12 14:37:29 0 [Note] InnoDB: Completed initialization of buffer pool
2021-04-12 14:37:29 0 [Note] InnoDB: Resizing redo log from 2*50331648 to 2*67108864 bytes; LSN=60981
2021-04-12 14:37:29 0 [Note] InnoDB: Starting to delete and rewrite log files.
2021-04-12 14:37:29 0 [Note] InnoDB: Setting log file .\ib_logfile101 size to 67108864 bytes
2021-04-12 14:37:29 0 [Note] InnoDB: Setting log file .\ib_logfile1 size to 67108864 bytes
2021-04-12 14:37:29 0 [Note] InnoDB: Renaming log file .\ib_logfile101 to .\ib_logfile0
2021-04-12 14:37:29 0 [Note] InnoDB: New log files created, LSN=60981
2021-04-12 14:37:30 0 [Note] InnoDB: 128 out of 128 rollback segments are active.
2021-04-12 14:37:30 0 [Note] InnoDB: Creating shared tablespace for temporary tables
2021-04-12 14:37:30 0 [Note] InnoDB: Setting file '.\ibtmp1' size to 12 MB. Physically writing the file full; Please wait ...
2021-04-12 14:37:30 0 [Note] InnoDB: File '.\ibtmp1' size is now 12 MB.
2021-04-12 14:37:30 0 [Note] InnoDB: Waiting for purge to start
2021-04-12 14:37:30 0 [Note] InnoDB: 10.4.13 started; log sequence number 60981; transaction id 21
2021-04-12 14:37:30 0 [Note] InnoDB: Loading buffer pool(s) from c:\wamp64\bin\mariadb\mariadb10.4.13\data\ib_buffer_pool
2021-04-12 14:37:30 0 [Note] Plugin 'FEEDBACK' is disabled.
2021-04-12 14:37:30 0 [Note] InnoDB: Buffer pool(s) load completed at 210412 14:37:30
2021-04-12 14:37:30 0 [Note] Server socket created on IP: '::'.
2021-04-12 14:37:30 0 [Note] Reading of all Master_info entries succeeded
2021-04-12 14:37:30 0 [Note] Added new Master_info '' to hash table
2021-04-12 14:37:30 0 [Note] wampmariadb64: ready for connections.
Version: '10.4.13-MariaDB'  socket: ''  port: 3307  mariadb.org binary distribution
InnoDB: using atomic writes.
2021-04-17 13:54:16 0 [Note] InnoDB: Mutexes and rw_locks use Windows interlocked functions
2021-04-17 13:54:16 0 [Note] InnoDB: Uses event mutexes
2021-04-17 13:54:16 0 [Note] InnoDB: Compressed tables use zlib 1.2.11
2021-04-17 13:54:16 0 [Note] InnoDB: Number of pools: 1
2021-04-17 13:54:17 0 [Note] InnoDB: Using SSE2 crc32 instructions
2021-04-17 13:54:17 0 [Note] InnoDB: Initializing buffer pool, total size = 256M, instances = 1, chunk size = 128M
2021-04-17 13:54:17 0 [Note] InnoDB: Completed initialization of buffer pool
2021-04-17 13:54:17 0 [Note] InnoDB: The log sequence number 60981 in the system tablespace does not match the log sequence number 61452 in the ib_logfiles!
2021-04-17 13:54:17 0 [Note] InnoDB: 128 out of 128 rollback segments are active.
2021-04-17 13:54:17 0 [Note] InnoDB: Removed temporary tablespace data file: "ibtmp1"
2021-04-17 13:54:17 0 [Note] InnoDB: Creating shared tablespace for temporary tables
2021-04-17 13:54:17 0 [Note] InnoDB: Setting file '.\ibtmp1' size to 12 MB. Physically writing the file full; Please wait ...
2021-04-17 13:54:17 0 [Note] InnoDB: File '.\ibtmp1' size is now 12 MB.
2021-04-17 13:54:17 0 [Note] InnoDB: Waiting for purge to start
2021-04-17 13:54:17 0 [Note] InnoDB: 10.4.13 started; log sequence number 61452; transaction id 21
2021-04-17 13:54:17 0 [Note] InnoDB: Loading buffer pool(s) from c:\wamp64\bin\mariadb\mariadb10.4.13\data\ib_buffer_pool
2021-04-17 13:54:17 0 [Note] Plugin 'FEEDBACK' is disabled.
2021-04-17 13:54:17 0 [Note] InnoDB: Buffer pool(s) load completed at 210417 13:54:17
2021-04-17 13:54:17 0 [Note] Server socket created on IP: '::'.
2021-04-17 13:54:17 0 [Note] Reading of all Master_info entries succeeded
2021-04-17 13:54:17 0 [Note] Added new Master_info '' to hash table
2021-04-17 13:54:17 0 [Note] wampmariadb64: ready for connections.
Version: '10.4.13-MariaDB'  socket: ''  port: 3307  mariadb.org binary distribution
2021-04-17 22:48:31 0 [Note] wampmariadb64 (initiated by: unknown): Normal shutdown
2021-04-17 22:48:31 0 [Note] Event Scheduler: Purging the queue. 0 events
2021-04-17 22:48:31 0 [Note] InnoDB: FTS optimize thread exiting.
2021-04-17 22:48:31 0 [Note] InnoDB: Starting shutdown...
2021-04-17 22:48:31 0 [Note] InnoDB: Dumping buffer pool(s) to c:\wamp64\bin\mariadb\mariadb10.4.13\data\ib_buffer_pool
2021-04-17 22:48:31 0 [Note] InnoDB: Buffer pool(s) dump completed at 210417 22:48:31
2021-04-17 22:48:32 0 [Note] InnoDB: Shutdown completed; log sequence number 61461; transaction id 22
2021-04-17 22:48:32 0 [Note] InnoDB: Removed temporary tablespace data file: "ibtmp1"
2021-04-17 22:48:32 0 [Note] wampmariadb64: Shutdown complete

InnoDB: using atomic writes.
2021-04-18 16:03:44 0 [Note] InnoDB: Mutexes and rw_locks use Windows interlocked functions
2021-04-18 16:03:44 0 [Note] InnoDB: Uses event mutexes
2021-04-18 16:03:44 0 [Note] InnoDB: Compressed tables use zlib 1.2.11
2021-04-18 16:03:44 0 [Note] InnoDB: Number of pools: 1
2021-04-18 16:03:44 0 [Note] InnoDB: Using SSE2 crc32 instructions
2021-04-18 16:03:44 0 [Note] InnoDB: Initializing buffer pool, total size = 256M, instances = 1, chunk size = 128M
2021-04-18 16:03:44 0 [Note] InnoDB: Completed initialization of buffer pool
2021-04-18 16:03:44 0 [Note] InnoDB: 128 out of 128 rollback segments are active.
2021-04-18 16:03:44 0 [Note] InnoDB: Creating shared tablespace for temporary tables
2021-04-18 16:03:44 0 [Note] InnoDB: Setting file '.\ibtmp1' size to 12 MB. Physically writing the file full; Please wait ...
2021-04-18 16:03:44 0 [Note] InnoDB: File '.\ibtmp1' size is now 12 MB.
2021-04-18 16:03:44 0 [Note] InnoDB: Waiting for purge to start
2021-04-18 16:03:44 0 [Note] InnoDB: 10.4.13 started; log sequence number 61461; transaction id 21
2021-04-18 16:03:44 0 [Note] InnoDB: Loading buffer pool(s) from c:\wamp64\bin\mariadb\mariadb10.4.13\data\ib_buffer_pool
2021-04-18 16:03:44 0 [Note] Plugin 'FEEDBACK' is disabled.
2021-04-18 16:03:44 0 [Note] InnoDB: Buffer pool(s) load completed at 210418 16:03:44
2021-04-18 16:03:44 0 [Note] Server socket created on IP: '::'.
2021-04-18 16:03:44 0 [Note] Reading of all Master_info entries succeeded
2021-04-18 16:03:44 0 [Note] Added new Master_info '' to hash table
2021-04-18 16:03:44 0 [Note] wampmariadb64: ready for connections.
Version: '10.4.13-MariaDB'  socket: ''  port: 3307  mariadb.org binary distribution
2021-06-05 12:11:17 0 [Note] wampmariadb64 (initiated by: unknown): Normal shutdown
2021-06-05 12:11:17 0 [Note] Event Scheduler: Purging the queue. 0 events
2021-06-05 12:11:17 0 [Note] InnoDB: FTS optimize thread exiting.
2021-06-05 12:11:17 0 [Note] InnoDB: Starting shutdown...
2021-06-05 12:11:17 0 [Note] InnoDB: Dumping buffer pool(s) to c:\wamp64\bin\mariadb\mariadb10.4.13\data\ib_buffer_pool
2021-06-05 12:11:17 0 [Note] InnoDB: Buffer pool(s) dump completed at 210605 12:11:17
2021-06-05 12:11:18 0 [Note] InnoDB: Shutdown completed; log sequence number 61470; transaction id 22
2021-06-05 12:11:18 0 [Note] InnoDB: Removed temporary tablespace data file: "ibtmp1"
2021-06-05 12:11:18 0 [Note] wampmariadb64: Shutdown complete

InnoDB: using atomic writes.
2021-06-21 22:35:57 0 [Note] InnoDB: Mutexes and rw_locks use Windows interlocked functions
2021-06-21 22:35:57 0 [Note] InnoDB: Uses event mutexes
2021-06-21 22:35:57 0 [Note] InnoDB: Compressed tables use zlib 1.2.11
2021-06-21 22:35:57 0 [Note] InnoDB: Number of pools: 1
2021-06-21 22:35:57 0 [Note] InnoDB: Using SSE2 crc32 instructions
2021-06-21 22:35:57 0 [Note] InnoDB: Initializing buffer pool, total size = 256M, instances = 1, chunk size = 128M
2021-06-21 22:35:57 0 [Note] InnoDB: Completed initialization of buffer pool
2021-06-21 22:35:57 0 [Note] InnoDB: 128 out of 128 rollback segments are active.
2021-06-21 22:35:57 0 [Note] InnoDB: Creating shared tablespace for temporary tables
2021-06-21 22:35:57 0 [Note] InnoDB: Setting file '.\ibtmp1' size to 12 MB. Physically writing the file full; Please wait ...
2021-06-21 22:35:57 0 [Note] InnoDB: File '.\ibtmp1' size is now 12 MB.
2021-06-21 22:35:57 0 [Note] InnoDB: Waiting for purge to start
2021-06-21 22:35:57 0 [Note] InnoDB: 10.4.13 started; log sequence number 61470; transaction id 21
2021-06-21 22:35:57 0 [Note] InnoDB: Loading buffer pool(s) from c:\wamp64\bin\mariadb\mariadb10.4.13\data\ib_buffer_pool
2021-06-21 22:35:57 0 [Note] Plugin 'FEEDBACK' is disabled.
2021-06-21 22:35:57 0 [Note] InnoDB: Buffer pool(s) load completed at 210621 22:35:57
2021-06-21 22:35:57 0 [Note] Server socket created on IP: '::'.
2021-06-21 22:35:57 0 [Note] Reading of all Master_info entries succeeded
2021-06-21 22:35:57 0 [Note] Added new Master_info '' to hash table
2021-06-21 22:35:57 0 [Note] wampmariadb64: ready for connections.
Version: '10.4.13-MariaDB'  socket: ''  port: 3307  mariadb.org binary distribution
