- Wampserver trace report -
File created by Wampserver install
[13-Apr-2021 07:19:32 UTC] PHP Notice:  Array to string conversion in C:\wamp64\www\projects\codility-website\login.php on line 6
[13-Apr-2021 07:19:32 UTC] PHP Stack trace:
[13-Apr-2021 07:19:32 UTC] PHP   1. {main}() C:\wamp64\www\projects\codility-website\login.php:0
[13-Apr-2021 07:28:53 UTC] PHP Notice:  Undefined variable: message in C:\wamp64\www\projects\codility-website\login.php on line 7
[13-Apr-2021 07:28:53 UTC] PHP Stack trace:
[13-Apr-2021 07:28:53 UTC] PHP   1. {main}() C:\wamp64\www\projects\codility-website\login.php:0
[17-Apr-2021 08:26:06 UTC] PHP Notice:  Undefined variable: baseUrl in C:\wamp64\www\projects\codility-website\get-started.php on line 17
[17-Apr-2021 08:26:06 UTC] PHP Stack trace:
[17-Apr-2021 08:26:06 UTC] PHP   1. {main}() C:\wamp64\www\projects\codility-website\get-started.php:0
[17-Apr-2021 08:26:06 UTC] PHP Notice:  Undefined variable: baseUrl in C:\wamp64\www\projects\codility-website\get-started.php on line 18
[17-Apr-2021 08:26:06 UTC] PHP Stack trace:
[17-Apr-2021 08:26:06 UTC] PHP   1. {main}() C:\wamp64\www\projects\codility-website\get-started.php:0
[17-Apr-2021 08:26:06 UTC] PHP Notice:  Undefined variable: baseUrl in C:\wamp64\www\projects\codility-website\get-started.php on line 19
[17-Apr-2021 08:26:06 UTC] PHP Stack trace:
[17-Apr-2021 08:26:06 UTC] PHP   1. {main}() C:\wamp64\www\projects\codility-website\get-started.php:0
[17-Apr-2021 08:26:06 UTC] PHP Notice:  Undefined variable: baseUrl in C:\wamp64\www\projects\codility-website\get-started.php on line 20
[17-Apr-2021 08:26:06 UTC] PHP Stack trace:
[17-Apr-2021 08:26:06 UTC] PHP   1. {main}() C:\wamp64\www\projects\codility-website\get-started.php:0
[17-Apr-2021 08:26:06 UTC] PHP Notice:  Undefined variable: baseUrl in C:\wamp64\www\projects\codility-website\get-started.php on line 192
[17-Apr-2021 08:26:06 UTC] PHP Stack trace:
[17-Apr-2021 08:26:06 UTC] PHP   1. {main}() C:\wamp64\www\projects\codility-website\get-started.php:0
[17-Apr-2021 08:26:20 UTC] PHP Notice:  Undefined variable: baseUrl in C:\wamp64\www\projects\codility-website\get-started.php on line 17
[17-Apr-2021 08:26:20 UTC] PHP Stack trace:
[17-Apr-2021 08:26:20 UTC] PHP   1. {main}() C:\wamp64\www\projects\codility-website\get-started.php:0
[17-Apr-2021 08:26:20 UTC] PHP Notice:  Undefined variable: baseUrl in C:\wamp64\www\projects\codility-website\get-started.php on line 18
[17-Apr-2021 08:26:20 UTC] PHP Stack trace:
[17-Apr-2021 08:26:20 UTC] PHP   1. {main}() C:\wamp64\www\projects\codility-website\get-started.php:0
[17-Apr-2021 08:26:20 UTC] PHP Notice:  Undefined variable: baseUrl in C:\wamp64\www\projects\codility-website\get-started.php on line 19
[17-Apr-2021 08:26:20 UTC] PHP Stack trace:
[17-Apr-2021 08:26:20 UTC] PHP   1. {main}() C:\wamp64\www\projects\codility-website\get-started.php:0
[17-Apr-2021 08:26:20 UTC] PHP Notice:  Undefined variable: baseUrl in C:\wamp64\www\projects\codility-website\get-started.php on line 20
[17-Apr-2021 08:26:20 UTC] PHP Stack trace:
[17-Apr-2021 08:26:20 UTC] PHP   1. {main}() C:\wamp64\www\projects\codility-website\get-started.php:0
[17-Apr-2021 08:26:20 UTC] PHP Notice:  Undefined variable: baseUrl in C:\wamp64\www\projects\codility-website\get-started.php on line 192
[17-Apr-2021 08:26:20 UTC] PHP Stack trace:
[17-Apr-2021 08:26:20 UTC] PHP   1. {main}() C:\wamp64\www\projects\codility-website\get-started.php:0
